[30-Sep-2023 18:44:46 UTC] PHP Notice:  La función register_post_type ha sido llamada <strong>de forma incorrecta</strong>. Los nombres de un tipo de contenido deben tener entre 1 y 20 caracteres de longitud. Por favor, visita <a href="https://wordpress.org/documentation/article/debugging-in-wordpress/">Depuración en WordPress</a> para más información. (Este mensaje se añadió en la versión 4.2.0.) in C:\xampp\htdocs\pruebatecnicasm\wp-includes\functions.php on line 5905
[30-Sep-2023 18:44:46 UTC] PHP Notice:  La función register_post_type ha sido llamada <strong>de forma incorrecta</strong>. Los nombres de un tipo de contenido deben tener entre 1 y 20 caracteres de longitud. Por favor, visita <a href="https://wordpress.org/documentation/article/debugging-in-wordpress/">Depuración en WordPress</a> para más información. (Este mensaje se añadió en la versión 4.2.0.) in C:\xampp\htdocs\pruebatecnicasm\wp-includes\functions.php on line 5905
[30-Sep-2023 18:44:47 UTC] PHP Notice:  La función register_post_type ha sido llamada <strong>de forma incorrecta</strong>. Los nombres de un tipo de contenido deben tener entre 1 y 20 caracteres de longitud. Por favor, visita <a href="https://wordpress.org/documentation/article/debugging-in-wordpress/">Depuración en WordPress</a> para más información. (Este mensaje se añadió en la versión 4.2.0.) in C:\xampp\htdocs\pruebatecnicasm\wp-includes\functions.php on line 5905
[30-Sep-2023 18:44:47 UTC] PHP Notice:  La función register_post_type ha sido llamada <strong>de forma incorrecta</strong>. Los nombres de un tipo de contenido deben tener entre 1 y 20 caracteres de longitud. Por favor, visita <a href="https://wordpress.org/documentation/article/debugging-in-wordpress/">Depuración en WordPress</a> para más información. (Este mensaje se añadió en la versión 4.2.0.) in C:\xampp\htdocs\pruebatecnicasm\wp-includes\functions.php on line 5905
[30-Sep-2023 18:44:50 UTC] PHP Notice:  La función register_post_type ha sido llamada <strong>de forma incorrecta</strong>. Los nombres de un tipo de contenido deben tener entre 1 y 20 caracteres de longitud. Por favor, visita <a href="https://wordpress.org/documentation/article/debugging-in-wordpress/">Depuración en WordPress</a> para más información. (Este mensaje se añadió en la versión 4.2.0.) in C:\xampp\htdocs\pruebatecnicasm\wp-includes\functions.php on line 5905
[30-Sep-2023 18:44:50 UTC] PHP Notice:  La función register_post_type ha sido llamada <strong>de forma incorrecta</strong>. Los nombres de un tipo de contenido deben tener entre 1 y 20 caracteres de longitud. Por favor, visita <a href="https://wordpress.org/documentation/article/debugging-in-wordpress/">Depuración en WordPress</a> para más información. (Este mensaje se añadió en la versión 4.2.0.) in C:\xampp\htdocs\pruebatecnicasm\wp-includes\functions.php on line 5905
[30-Sep-2023 18:45:18 UTC] PHP Notice:  La función register_post_type ha sido llamada <strong>de forma incorrecta</strong>. Los nombres de un tipo de contenido deben tener entre 1 y 20 caracteres de longitud. Por favor, visita <a href="https://wordpress.org/documentation/article/debugging-in-wordpress/">Depuración en WordPress</a> para más información. (Este mensaje se añadió en la versión 4.2.0.) in C:\xampp\htdocs\pruebatecnicasm\wp-includes\functions.php on line 5905
[30-Sep-2023 18:45:18 UTC] PHP Notice:  La función register_post_type ha sido llamada <strong>de forma incorrecta</strong>. Los nombres de un tipo de contenido deben tener entre 1 y 20 caracteres de longitud. Por favor, visita <a href="https://wordpress.org/documentation/article/debugging-in-wordpress/">Depuración en WordPress</a> para más información. (Este mensaje se añadió en la versión 4.2.0.) in C:\xampp\htdocs\pruebatecnicasm\wp-includes\functions.php on line 5905
[30-Sep-2023 18:45:22 UTC] PHP Notice:  La función register_post_type ha sido llamada <strong>de forma incorrecta</strong>. Los nombres de un tipo de contenido deben tener entre 1 y 20 caracteres de longitud. Por favor, visita <a href="https://wordpress.org/documentation/article/debugging-in-wordpress/">Depuración en WordPress</a> para más información. (Este mensaje se añadió en la versión 4.2.0.) in C:\xampp\htdocs\pruebatecnicasm\wp-includes\functions.php on line 5905
[30-Sep-2023 18:45:22 UTC] PHP Notice:  La función register_post_type ha sido llamada <strong>de forma incorrecta</strong>. Los nombres de un tipo de contenido deben tener entre 1 y 20 caracteres de longitud. Por favor, visita <a href="https://wordpress.org/documentation/article/debugging-in-wordpress/">Depuración en WordPress</a> para más información. (Este mensaje se añadió en la versión 4.2.0.) in C:\xampp\htdocs\pruebatecnicasm\wp-includes\functions.php on line 5905
[30-Sep-2023 18:45:22 UTC] PHP Notice:  La función register_post_type ha sido llamada <strong>de forma incorrecta</strong>. Los nombres de un tipo de contenido deben tener entre 1 y 20 caracteres de longitud. Por favor, visita <a href="https://wordpress.org/documentation/article/debugging-in-wordpress/">Depuración en WordPress</a> para más información. (Este mensaje se añadió en la versión 4.2.0.) in C:\xampp\htdocs\pruebatecnicasm\wp-includes\functions.php on line 5905
[30-Sep-2023 18:45:22 UTC] PHP Notice:  La función register_post_type ha sido llamada <strong>de forma incorrecta</strong>. Los nombres de un tipo de contenido deben tener entre 1 y 20 caracteres de longitud. Por favor, visita <a href="https://wordpress.org/documentation/article/debugging-in-wordpress/">Depuración en WordPress</a> para más información. (Este mensaje se añadió en la versión 4.2.0.) in C:\xampp\htdocs\pruebatecnicasm\wp-includes\functions.php on line 5905
[30-Sep-2023 19:02:36 UTC] PHP Deprecated:  El archivo Tema sin footer.php ha quedado <strong>obsoleto</strong> desde la versión 3.0.0 y no hay alternativas disponibles. Por favor, incluye una plantilla footer.php en tu tema. in C:\xampp\htdocs\pruebatecnicasm\wp-includes\functions.php on line 5653
[30-Sep-2023 19:04:10 UTC] PHP Deprecated:  El archivo Tema sin footer.php ha quedado <strong>obsoleto</strong> desde la versión 3.0.0 y no hay alternativas disponibles. Por favor, incluye una plantilla footer.php en tu tema. in C:\xampp\htdocs\pruebatecnicasm\wp-includes\functions.php on line 5653
[30-Sep-2023 19:04:11 UTC] PHP Deprecated:  El archivo Tema sin footer.php ha quedado <strong>obsoleto</strong> desde la versión 3.0.0 y no hay alternativas disponibles. Por favor, incluye una plantilla footer.php en tu tema. in C:\xampp\htdocs\pruebatecnicasm\wp-includes\functions.php on line 5653
[30-Sep-2023 19:07:26 UTC] PHP Deprecated:  El archivo Tema sin footer.php ha quedado <strong>obsoleto</strong> desde la versión 3.0.0 y no hay alternativas disponibles. Por favor, incluye una plantilla footer.php en tu tema. in C:\xampp\htdocs\pruebatecnicasm\wp-includes\functions.php on line 5653
[30-Sep-2023 19:07:29 UTC] PHP Deprecated:  El archivo Tema sin footer.php ha quedado <strong>obsoleto</strong> desde la versión 3.0.0 y no hay alternativas disponibles. Por favor, incluye una plantilla footer.php en tu tema. in C:\xampp\htdocs\pruebatecnicasm\wp-includes\functions.php on line 5653
[30-Sep-2023 19:07:30 UTC] PHP Deprecated:  El archivo Tema sin footer.php ha quedado <strong>obsoleto</strong> desde la versión 3.0.0 y no hay alternativas disponibles. Por favor, incluye una plantilla footer.php en tu tema. in C:\xampp\htdocs\pruebatecnicasm\wp-includes\functions.php on line 5653
[30-Sep-2023 19:08:26 UTC] PHP Deprecated:  El archivo Tema sin footer.php ha quedado <strong>obsoleto</strong> desde la versión 3.0.0 y no hay alternativas disponibles. Por favor, incluye una plantilla footer.php en tu tema. in C:\xampp\htdocs\pruebatecnicasm\wp-includes\functions.php on line 5653
[30-Sep-2023 19:09:41 UTC] PHP Deprecated:  El archivo Tema sin footer.php ha quedado <strong>obsoleto</strong> desde la versión 3.0.0 y no hay alternativas disponibles. Por favor, incluye una plantilla footer.php en tu tema. in C:\xampp\htdocs\pruebatecnicasm\wp-includes\functions.php on line 5653
[30-Sep-2023 19:09:45 UTC] PHP Deprecated:  El archivo Tema sin footer.php ha quedado <strong>obsoleto</strong> desde la versión 3.0.0 y no hay alternativas disponibles. Por favor, incluye una plantilla footer.php en tu tema. in C:\xampp\htdocs\pruebatecnicasm\wp-includes\functions.php on line 5653
[30-Sep-2023 19:11:10 UTC] PHP Deprecated:  El archivo Tema sin footer.php ha quedado <strong>obsoleto</strong> desde la versión 3.0.0 y no hay alternativas disponibles. Por favor, incluye una plantilla footer.php en tu tema. in C:\xampp\htdocs\pruebatecnicasm\wp-includes\functions.php on line 5653
[30-Sep-2023 19:12:59 UTC] PHP Deprecated:  El archivo Tema sin footer.php ha quedado <strong>obsoleto</strong> desde la versión 3.0.0 y no hay alternativas disponibles. Por favor, incluye una plantilla footer.php en tu tema. in C:\xampp\htdocs\pruebatecnicasm\wp-includes\functions.php on line 5653
[30-Sep-2023 19:17:36 UTC] PHP Deprecated:  El archivo Tema sin footer.php ha quedado <strong>obsoleto</strong> desde la versión 3.0.0 y no hay alternativas disponibles. Por favor, incluye una plantilla footer.php en tu tema. in C:\xampp\htdocs\pruebatecnicasm\wp-includes\functions.php on line 5653
[30-Sep-2023 19:19:23 UTC] PHP Deprecated:  El archivo Tema sin footer.php ha quedado <strong>obsoleto</strong> desde la versión 3.0.0 y no hay alternativas disponibles. Por favor, incluye una plantilla footer.php en tu tema. in C:\xampp\htdocs\pruebatecnicasm\wp-includes\functions.php on line 5653
[30-Sep-2023 19:20:55 UTC] PHP Deprecated:  El archivo Tema sin footer.php ha quedado <strong>obsoleto</strong> desde la versión 3.0.0 y no hay alternativas disponibles. Por favor, incluye una plantilla footer.php en tu tema. in C:\xampp\htdocs\pruebatecnicasm\wp-includes\functions.php on line 5653
[30-Sep-2023 19:24:12 UTC] PHP Deprecated:  El archivo Tema sin footer.php ha quedado <strong>obsoleto</strong> desde la versión 3.0.0 y no hay alternativas disponibles. Por favor, incluye una plantilla footer.php en tu tema. in C:\xampp\htdocs\pruebatecnicasm\wp-includes\functions.php on line 5653
[30-Sep-2023 19:27:04 UTC] PHP Deprecated:  El archivo Tema sin footer.php ha quedado <strong>obsoleto</strong> desde la versión 3.0.0 y no hay alternativas disponibles. Por favor, incluye una plantilla footer.php en tu tema. in C:\xampp\htdocs\pruebatecnicasm\wp-includes\functions.php on line 5653
[30-Sep-2023 19:29:45 UTC] PHP Deprecated:  El archivo Tema sin footer.php ha quedado <strong>obsoleto</strong> desde la versión 3.0.0 y no hay alternativas disponibles. Por favor, incluye una plantilla footer.php en tu tema. in C:\xampp\htdocs\pruebatecnicasm\wp-includes\functions.php on line 5653
[30-Sep-2023 19:29:52 UTC] PHP Deprecated:  El archivo Tema sin footer.php ha quedado <strong>obsoleto</strong> desde la versión 3.0.0 y no hay alternativas disponibles. Por favor, incluye una plantilla footer.php en tu tema. in C:\xampp\htdocs\pruebatecnicasm\wp-includes\functions.php on line 5653
[30-Sep-2023 19:29:53 UTC] PHP Deprecated:  El archivo Tema sin footer.php ha quedado <strong>obsoleto</strong> desde la versión 3.0.0 y no hay alternativas disponibles. Por favor, incluye una plantilla footer.php en tu tema. in C:\xampp\htdocs\pruebatecnicasm\wp-includes\functions.php on line 5653
[30-Sep-2023 19:29:55 UTC] PHP Deprecated:  El archivo Tema sin footer.php ha quedado <strong>obsoleto</strong> desde la versión 3.0.0 y no hay alternativas disponibles. Por favor, incluye una plantilla footer.php en tu tema. in C:\xampp\htdocs\pruebatecnicasm\wp-includes\functions.php on line 5653
[30-Sep-2023 19:31:16 UTC] PHP Deprecated:  El archivo Tema sin footer.php ha quedado <strong>obsoleto</strong> desde la versión 3.0.0 y no hay alternativas disponibles. Por favor, incluye una plantilla footer.php en tu tema. in C:\xampp\htdocs\pruebatecnicasm\wp-includes\functions.php on line 5653
[30-Sep-2023 19:31:18 UTC] PHP Deprecated:  El archivo Tema sin footer.php ha quedado <strong>obsoleto</strong> desde la versión 3.0.0 y no hay alternativas disponibles. Por favor, incluye una plantilla footer.php en tu tema. in C:\xampp\htdocs\pruebatecnicasm\wp-includes\functions.php on line 5653
[30-Sep-2023 19:31:30 UTC] PHP Deprecated:  El archivo Tema sin footer.php ha quedado <strong>obsoleto</strong> desde la versión 3.0.0 y no hay alternativas disponibles. Por favor, incluye una plantilla footer.php en tu tema. in C:\xampp\htdocs\pruebatecnicasm\wp-includes\functions.php on line 5653
[30-Sep-2023 19:32:59 UTC] PHP Deprecated:  El archivo Tema sin footer.php ha quedado <strong>obsoleto</strong> desde la versión 3.0.0 y no hay alternativas disponibles. Por favor, incluye una plantilla footer.php en tu tema. in C:\xampp\htdocs\pruebatecnicasm\wp-includes\functions.php on line 5653
[30-Sep-2023 19:34:04 UTC] PHP Deprecated:  El archivo Tema sin footer.php ha quedado <strong>obsoleto</strong> desde la versión 3.0.0 y no hay alternativas disponibles. Por favor, incluye una plantilla footer.php en tu tema. in C:\xampp\htdocs\pruebatecnicasm\wp-includes\functions.php on line 5653
[30-Sep-2023 19:34:26 UTC] PHP Deprecated:  El archivo Tema sin footer.php ha quedado <strong>obsoleto</strong> desde la versión 3.0.0 y no hay alternativas disponibles. Por favor, incluye una plantilla footer.php en tu tema. in C:\xampp\htdocs\pruebatecnicasm\wp-includes\functions.php on line 5653
[30-Sep-2023 19:34:43 UTC] PHP Deprecated:  El archivo Tema sin footer.php ha quedado <strong>obsoleto</strong> desde la versión 3.0.0 y no hay alternativas disponibles. Por favor, incluye una plantilla footer.php en tu tema. in C:\xampp\htdocs\pruebatecnicasm\wp-includes\functions.php on line 5653
[30-Sep-2023 19:54:02 UTC] PHP Deprecated:  El archivo Tema sin footer.php ha quedado <strong>obsoleto</strong> desde la versión 3.0.0 y no hay alternativas disponibles. Por favor, incluye una plantilla footer.php en tu tema. in C:\xampp\htdocs\pruebatecnicasm\wp-includes\functions.php on line 5653
[30-Sep-2023 20:23:51 UTC] PHP Deprecated:  El archivo Tema sin footer.php ha quedado <strong>obsoleto</strong> desde la versión 3.0.0 y no hay alternativas disponibles. Por favor, incluye una plantilla footer.php en tu tema. in C:\xampp\htdocs\pruebatecnicasm\wp-includes\functions.php on line 5653
[30-Sep-2023 20:33:25 UTC] PHP Deprecated:  El archivo Tema sin footer.php ha quedado <strong>obsoleto</strong> desde la versión 3.0.0 y no hay alternativas disponibles. Por favor, incluye una plantilla footer.php en tu tema. in C:\xampp\htdocs\pruebatecnicasm\wp-includes\functions.php on line 5653
[30-Sep-2023 20:56:51 UTC] PHP Deprecated:  El archivo Tema sin footer.php ha quedado <strong>obsoleto</strong> desde la versión 3.0.0 y no hay alternativas disponibles. Por favor, incluye una plantilla footer.php en tu tema. in C:\xampp\htdocs\pruebatecnicasm\wp-includes\functions.php on line 5653
[30-Sep-2023 21:05:00 UTC] PHP Deprecated:  El archivo Tema sin footer.php ha quedado <strong>obsoleto</strong> desde la versión 3.0.0 y no hay alternativas disponibles. Por favor, incluye una plantilla footer.php en tu tema. in C:\xampp\htdocs\pruebatecnicasm\wp-includes\functions.php on line 5653
[30-Sep-2023 21:05:01 UTC] PHP Deprecated:  El archivo Tema sin footer.php ha quedado <strong>obsoleto</strong> desde la versión 3.0.0 y no hay alternativas disponibles. Por favor, incluye una plantilla footer.php en tu tema. in C:\xampp\htdocs\pruebatecnicasm\wp-includes\functions.php on line 5653
[30-Sep-2023 21:06:19 UTC] PHP Fatal error:  Uncaught TypeError: ltrim(): Argument #1 ($string) must be of type string, array given in C:\xampp\htdocs\pruebatecnicasm\wp-includes\formatting.php:4477
Stack trace:
#0 C:\xampp\htdocs\pruebatecnicasm\wp-includes\formatting.php(4477): ltrim(Array)
#1 C:\xampp\htdocs\pruebatecnicasm\wp-content\themes\pruebastecnicas\slider.php(87): esc_url(Array)
#2 C:\xampp\htdocs\pruebatecnicasm\wp-includes\template.php(787): require('C:\\xampp\\htdocs...')
#3 C:\xampp\htdocs\pruebatecnicasm\wp-includes\template.php(720): load_template('C:\\xampp\\htdocs...', false, Array)
#4 C:\xampp\htdocs\pruebatecnicasm\wp-includes\general-template.php(206): locate_template(Array, true, false, Array)
#5 C:\xampp\htdocs\pruebatecnicasm\wp-content\themes\pruebastecnicas\Templates pages\Front-page.php(9): get_template_part('slider')
#6 C:\xampp\htdocs\pruebatecnicasm\wp-includes\template-loader.php(106): include('C:\\xampp\\htdocs...')
#7 C:\xampp\htdocs\pruebatecnicasm\wp-blog-header.php(19): require_once('C:\\xampp\\htdocs...')
#8 C:\xampp\htdocs\pruebatecnicasm\index.php(17): require('C:\\xampp\\htdocs...')
#9 {main}
  thrown in C:\xampp\htdocs\pruebatecnicasm\wp-includes\formatting.php on line 4477
[30-Sep-2023 21:06:22 UTC] PHP Fatal error:  Uncaught TypeError: ltrim(): Argument #1 ($string) must be of type string, array given in C:\xampp\htdocs\pruebatecnicasm\wp-includes\formatting.php:4477
Stack trace:
#0 C:\xampp\htdocs\pruebatecnicasm\wp-includes\formatting.php(4477): ltrim(Array)
#1 C:\xampp\htdocs\pruebatecnicasm\wp-content\themes\pruebastecnicas\slider.php(87): esc_url(Array)
#2 C:\xampp\htdocs\pruebatecnicasm\wp-includes\template.php(787): require('C:\\xampp\\htdocs...')
#3 C:\xampp\htdocs\pruebatecnicasm\wp-includes\template.php(720): load_template('C:\\xampp\\htdocs...', false, Array)
#4 C:\xampp\htdocs\pruebatecnicasm\wp-includes\general-template.php(206): locate_template(Array, true, false, Array)
#5 C:\xampp\htdocs\pruebatecnicasm\wp-content\themes\pruebastecnicas\Templates pages\Front-page.php(9): get_template_part('slider')
#6 C:\xampp\htdocs\pruebatecnicasm\wp-includes\template-loader.php(106): include('C:\\xampp\\htdocs...')
#7 C:\xampp\htdocs\pruebatecnicasm\wp-blog-header.php(19): require_once('C:\\xampp\\htdocs...')
#8 C:\xampp\htdocs\pruebatecnicasm\index.php(17): require('C:\\xampp\\htdocs...')
#9 {main}
  thrown in C:\xampp\htdocs\pruebatecnicasm\wp-includes\formatting.php on line 4477
[30-Sep-2023 21:06:26 UTC] PHP Fatal error:  Uncaught TypeError: ltrim(): Argument #1 ($string) must be of type string, array given in C:\xampp\htdocs\pruebatecnicasm\wp-includes\formatting.php:4477
Stack trace:
#0 C:\xampp\htdocs\pruebatecnicasm\wp-includes\formatting.php(4477): ltrim(Array)
#1 C:\xampp\htdocs\pruebatecnicasm\wp-content\themes\pruebastecnicas\slider.php(87): esc_url(Array)
#2 C:\xampp\htdocs\pruebatecnicasm\wp-includes\template.php(787): require('C:\\xampp\\htdocs...')
#3 C:\xampp\htdocs\pruebatecnicasm\wp-includes\template.php(720): load_template('C:\\xampp\\htdocs...', false, Array)
#4 C:\xampp\htdocs\pruebatecnicasm\wp-includes\general-template.php(206): locate_template(Array, true, false, Array)
#5 C:\xampp\htdocs\pruebatecnicasm\wp-content\themes\pruebastecnicas\Templates pages\Front-page.php(9): get_template_part('slider')
#6 C:\xampp\htdocs\pruebatecnicasm\wp-includes\template-loader.php(106): include('C:\\xampp\\htdocs...')
#7 C:\xampp\htdocs\pruebatecnicasm\wp-blog-header.php(19): require_once('C:\\xampp\\htdocs...')
#8 C:\xampp\htdocs\pruebatecnicasm\index.php(17): require('C:\\xampp\\htdocs...')
#9 {main}
  thrown in C:\xampp\htdocs\pruebatecnicasm\wp-includes\formatting.php on line 4477
[30-Sep-2023 21:07:58 UTC] PHP Fatal error:  Uncaught TypeError: ltrim(): Argument #1 ($string) must be of type string, array given in C:\xampp\htdocs\pruebatecnicasm\wp-includes\formatting.php:4477
Stack trace:
#0 C:\xampp\htdocs\pruebatecnicasm\wp-includes\formatting.php(4477): ltrim(Array)
#1 C:\xampp\htdocs\pruebatecnicasm\wp-content\themes\pruebastecnicas\slider.php(83): esc_url(Array)
#2 C:\xampp\htdocs\pruebatecnicasm\wp-includes\template.php(787): require('C:\\xampp\\htdocs...')
#3 C:\xampp\htdocs\pruebatecnicasm\wp-includes\template.php(720): load_template('C:\\xampp\\htdocs...', false, Array)
#4 C:\xampp\htdocs\pruebatecnicasm\wp-includes\general-template.php(206): locate_template(Array, true, false, Array)
#5 C:\xampp\htdocs\pruebatecnicasm\wp-content\themes\pruebastecnicas\Templates pages\Front-page.php(9): get_template_part('slider')
#6 C:\xampp\htdocs\pruebatecnicasm\wp-includes\template-loader.php(106): include('C:\\xampp\\htdocs...')
#7 C:\xampp\htdocs\pruebatecnicasm\wp-blog-header.php(19): require_once('C:\\xampp\\htdocs...')
#8 C:\xampp\htdocs\pruebatecnicasm\index.php(17): require('C:\\xampp\\htdocs...')
#9 {main}
  thrown in C:\xampp\htdocs\pruebatecnicasm\wp-includes\formatting.php on line 4477
[30-Sep-2023 21:10:52 UTC] PHP Deprecated:  El archivo Tema sin footer.php ha quedado <strong>obsoleto</strong> desde la versión 3.0.0 y no hay alternativas disponibles. Por favor, incluye una plantilla footer.php en tu tema. in C:\xampp\htdocs\pruebatecnicasm\wp-includes\functions.php on line 5653
[30-Sep-2023 21:12:25 UTC] PHP Deprecated:  El archivo Tema sin footer.php ha quedado <strong>obsoleto</strong> desde la versión 3.0.0 y no hay alternativas disponibles. Por favor, incluye una plantilla footer.php en tu tema. in C:\xampp\htdocs\pruebatecnicasm\wp-includes\functions.php on line 5653
[30-Sep-2023 21:13:52 UTC] PHP Deprecated:  El archivo Tema sin footer.php ha quedado <strong>obsoleto</strong> desde la versión 3.0.0 y no hay alternativas disponibles. Por favor, incluye una plantilla footer.php en tu tema. in C:\xampp\htdocs\pruebatecnicasm\wp-includes\functions.php on line 5653
[30-Sep-2023 21:15:16 UTC] PHP Warning:  Undefined variable $background_image_url in C:\xampp\htdocs\pruebatecnicasm\wp-content\themes\pruebastecnicas\slider.php on line 102
[30-Sep-2023 21:15:16 UTC] PHP Deprecated:  El archivo Tema sin footer.php ha quedado <strong>obsoleto</strong> desde la versión 3.0.0 y no hay alternativas disponibles. Por favor, incluye una plantilla footer.php en tu tema. in C:\xampp\htdocs\pruebatecnicasm\wp-includes\functions.php on line 5653
[30-Sep-2023 21:15:17 UTC] PHP Warning:  Undefined variable $background_image_url in C:\xampp\htdocs\pruebatecnicasm\wp-content\themes\pruebastecnicas\slider.php on line 102
[30-Sep-2023 21:15:17 UTC] PHP Deprecated:  El archivo Tema sin footer.php ha quedado <strong>obsoleto</strong> desde la versión 3.0.0 y no hay alternativas disponibles. Por favor, incluye una plantilla footer.php en tu tema. in C:\xampp\htdocs\pruebatecnicasm\wp-includes\functions.php on line 5653
[30-Sep-2023 21:15:20 UTC] PHP Warning:  Undefined variable $background_image_url in C:\xampp\htdocs\pruebatecnicasm\wp-content\themes\pruebastecnicas\slider.php on line 102
[30-Sep-2023 21:15:20 UTC] PHP Deprecated:  El archivo Tema sin footer.php ha quedado <strong>obsoleto</strong> desde la versión 3.0.0 y no hay alternativas disponibles. Por favor, incluye una plantilla footer.php en tu tema. in C:\xampp\htdocs\pruebatecnicasm\wp-includes\functions.php on line 5653
[30-Sep-2023 21:15:20 UTC] PHP Warning:  Undefined variable $background_image_url in C:\xampp\htdocs\pruebatecnicasm\wp-content\themes\pruebastecnicas\slider.php on line 102
[30-Sep-2023 21:15:20 UTC] PHP Deprecated:  El archivo Tema sin footer.php ha quedado <strong>obsoleto</strong> desde la versión 3.0.0 y no hay alternativas disponibles. Por favor, incluye una plantilla footer.php en tu tema. in C:\xampp\htdocs\pruebatecnicasm\wp-includes\functions.php on line 5653
[30-Sep-2023 21:15:36 UTC] PHP Deprecated:  El archivo Tema sin footer.php ha quedado <strong>obsoleto</strong> desde la versión 3.0.0 y no hay alternativas disponibles. Por favor, incluye una plantilla footer.php en tu tema. in C:\xampp\htdocs\pruebatecnicasm\wp-includes\functions.php on line 5653
[30-Sep-2023 21:17:48 UTC] PHP Deprecated:  El archivo Tema sin footer.php ha quedado <strong>obsoleto</strong> desde la versión 3.0.0 y no hay alternativas disponibles. Por favor, incluye una plantilla footer.php en tu tema. in C:\xampp\htdocs\pruebatecnicasm\wp-includes\functions.php on line 5653
[30-Sep-2023 21:18:28 UTC] PHP Deprecated:  El archivo Tema sin footer.php ha quedado <strong>obsoleto</strong> desde la versión 3.0.0 y no hay alternativas disponibles. Por favor, incluye una plantilla footer.php en tu tema. in C:\xampp\htdocs\pruebatecnicasm\wp-includes\functions.php on line 5653
[30-Sep-2023 21:18:41 UTC] PHP Deprecated:  El archivo Tema sin footer.php ha quedado <strong>obsoleto</strong> desde la versión 3.0.0 y no hay alternativas disponibles. Por favor, incluye una plantilla footer.php en tu tema. in C:\xampp\htdocs\pruebatecnicasm\wp-includes\functions.php on line 5653
[30-Sep-2023 21:25:23 UTC] PHP Deprecated:  El archivo Tema sin footer.php ha quedado <strong>obsoleto</strong> desde la versión 3.0.0 y no hay alternativas disponibles. Por favor, incluye una plantilla footer.php en tu tema. in C:\xampp\htdocs\pruebatecnicasm\wp-includes\functions.php on line 5653
[30-Sep-2023 21:28:26 UTC] PHP Deprecated:  El archivo Tema sin footer.php ha quedado <strong>obsoleto</strong> desde la versión 3.0.0 y no hay alternativas disponibles. Por favor, incluye una plantilla footer.php en tu tema. in C:\xampp\htdocs\pruebatecnicasm\wp-includes\functions.php on line 5653
[30-Sep-2023 21:28:28 UTC] PHP Deprecated:  El archivo Tema sin footer.php ha quedado <strong>obsoleto</strong> desde la versión 3.0.0 y no hay alternativas disponibles. Por favor, incluye una plantilla footer.php en tu tema. in C:\xampp\htdocs\pruebatecnicasm\wp-includes\functions.php on line 5653
[30-Sep-2023 21:28:39 UTC] PHP Deprecated:  El archivo Tema sin footer.php ha quedado <strong>obsoleto</strong> desde la versión 3.0.0 y no hay alternativas disponibles. Por favor, incluye una plantilla footer.php en tu tema. in C:\xampp\htdocs\pruebatecnicasm\wp-includes\functions.php on line 5653
[30-Sep-2023 21:29:11 UTC] PHP Warning:  Undefined variable $query in C:\xampp\htdocs\pruebatecnicasm\wp-content\themes\pruebastecnicas\slider.php on line 164
[30-Sep-2023 21:29:11 UTC] PHP Fatal error:  Uncaught Error: Call to a member function have_posts() on null in C:\xampp\htdocs\pruebatecnicasm\wp-content\themes\pruebastecnicas\slider.php:164
Stack trace:
#0 C:\xampp\htdocs\pruebatecnicasm\wp-includes\template.php(787): require()
#1 C:\xampp\htdocs\pruebatecnicasm\wp-includes\template.php(720): load_template('C:\\xampp\\htdocs...', false, Array)
#2 C:\xampp\htdocs\pruebatecnicasm\wp-includes\general-template.php(206): locate_template(Array, true, false, Array)
#3 C:\xampp\htdocs\pruebatecnicasm\wp-content\themes\pruebastecnicas\Templates pages\Front-page.php(9): get_template_part('slider')
#4 C:\xampp\htdocs\pruebatecnicasm\wp-includes\template-loader.php(106): include('C:\\xampp\\htdocs...')
#5 C:\xampp\htdocs\pruebatecnicasm\wp-blog-header.php(19): require_once('C:\\xampp\\htdocs...')
#6 C:\xampp\htdocs\pruebatecnicasm\index.php(17): require('C:\\xampp\\htdocs...')
#7 {main}
  thrown in C:\xampp\htdocs\pruebatecnicasm\wp-content\themes\pruebastecnicas\slider.php on line 164
[30-Sep-2023 21:29:14 UTC] PHP Warning:  Undefined variable $query in C:\xampp\htdocs\pruebatecnicasm\wp-content\themes\pruebastecnicas\slider.php on line 164
[30-Sep-2023 21:29:14 UTC] PHP Fatal error:  Uncaught Error: Call to a member function have_posts() on null in C:\xampp\htdocs\pruebatecnicasm\wp-content\themes\pruebastecnicas\slider.php:164
Stack trace:
#0 C:\xampp\htdocs\pruebatecnicasm\wp-includes\template.php(787): require()
#1 C:\xampp\htdocs\pruebatecnicasm\wp-includes\template.php(720): load_template('C:\\xampp\\htdocs...', false, Array)
#2 C:\xampp\htdocs\pruebatecnicasm\wp-includes\general-template.php(206): locate_template(Array, true, false, Array)
#3 C:\xampp\htdocs\pruebatecnicasm\wp-content\themes\pruebastecnicas\Templates pages\Front-page.php(9): get_template_part('slider')
#4 C:\xampp\htdocs\pruebatecnicasm\wp-includes\template-loader.php(106): include('C:\\xampp\\htdocs...')
#5 C:\xampp\htdocs\pruebatecnicasm\wp-blog-header.php(19): require_once('C:\\xampp\\htdocs...')
#6 C:\xampp\htdocs\pruebatecnicasm\index.php(17): require('C:\\xampp\\htdocs...')
#7 {main}
  thrown in C:\xampp\htdocs\pruebatecnicasm\wp-content\themes\pruebastecnicas\slider.php on line 164
[30-Sep-2023 21:29:30 UTC] PHP Warning:  Undefined variable $query in C:\xampp\htdocs\pruebatecnicasm\wp-content\themes\pruebastecnicas\slider.php on line 164
[30-Sep-2023 21:29:30 UTC] PHP Fatal error:  Uncaught Error: Call to a member function have_posts() on null in C:\xampp\htdocs\pruebatecnicasm\wp-content\themes\pruebastecnicas\slider.php:164
Stack trace:
#0 C:\xampp\htdocs\pruebatecnicasm\wp-includes\template.php(787): require()
#1 C:\xampp\htdocs\pruebatecnicasm\wp-includes\template.php(720): load_template('C:\\xampp\\htdocs...', false, Array)
#2 C:\xampp\htdocs\pruebatecnicasm\wp-includes\general-template.php(206): locate_template(Array, true, false, Array)
#3 C:\xampp\htdocs\pruebatecnicasm\wp-content\themes\pruebastecnicas\Templates pages\Front-page.php(9): get_template_part('slider')
#4 C:\xampp\htdocs\pruebatecnicasm\wp-includes\template-loader.php(106): include('C:\\xampp\\htdocs...')
#5 C:\xampp\htdocs\pruebatecnicasm\wp-blog-header.php(19): require_once('C:\\xampp\\htdocs...')
#6 C:\xampp\htdocs\pruebatecnicasm\index.php(17): require('C:\\xampp\\htdocs...')
#7 {main}
  thrown in C:\xampp\htdocs\pruebatecnicasm\wp-content\themes\pruebastecnicas\slider.php on line 164
[30-Sep-2023 21:29:31 UTC] PHP Warning:  Undefined variable $query in C:\xampp\htdocs\pruebatecnicasm\wp-content\themes\pruebastecnicas\slider.php on line 164
[30-Sep-2023 21:29:31 UTC] PHP Fatal error:  Uncaught Error: Call to a member function have_posts() on null in C:\xampp\htdocs\pruebatecnicasm\wp-content\themes\pruebastecnicas\slider.php:164
Stack trace:
#0 C:\xampp\htdocs\pruebatecnicasm\wp-includes\template.php(787): require()
#1 C:\xampp\htdocs\pruebatecnicasm\wp-includes\template.php(720): load_template('C:\\xampp\\htdocs...', false, Array)
#2 C:\xampp\htdocs\pruebatecnicasm\wp-includes\general-template.php(206): locate_template(Array, true, false, Array)
#3 C:\xampp\htdocs\pruebatecnicasm\wp-content\themes\pruebastecnicas\Templates pages\Front-page.php(9): get_template_part('slider')
#4 C:\xampp\htdocs\pruebatecnicasm\wp-includes\template-loader.php(106): include('C:\\xampp\\htdocs...')
#5 C:\xampp\htdocs\pruebatecnicasm\wp-blog-header.php(19): require_once('C:\\xampp\\htdocs...')
#6 C:\xampp\htdocs\pruebatecnicasm\index.php(17): require('C:\\xampp\\htdocs...')
#7 {main}
  thrown in C:\xampp\htdocs\pruebatecnicasm\wp-content\themes\pruebastecnicas\slider.php on line 164
[30-Sep-2023 21:29:39 UTC] PHP Warning:  Undefined variable $query in C:\xampp\htdocs\pruebatecnicasm\wp-content\themes\pruebastecnicas\slider.php on line 164
[30-Sep-2023 21:29:39 UTC] PHP Fatal error:  Uncaught Error: Call to a member function have_posts() on null in C:\xampp\htdocs\pruebatecnicasm\wp-content\themes\pruebastecnicas\slider.php:164
Stack trace:
#0 C:\xampp\htdocs\pruebatecnicasm\wp-includes\template.php(787): require()
#1 C:\xampp\htdocs\pruebatecnicasm\wp-includes\template.php(720): load_template('C:\\xampp\\htdocs...', false, Array)
#2 C:\xampp\htdocs\pruebatecnicasm\wp-includes\general-template.php(206): locate_template(Array, true, false, Array)
#3 C:\xampp\htdocs\pruebatecnicasm\wp-content\themes\pruebastecnicas\Templates pages\Front-page.php(9): get_template_part('slider')
#4 C:\xampp\htdocs\pruebatecnicasm\wp-includes\template-loader.php(106): include('C:\\xampp\\htdocs...')
#5 C:\xampp\htdocs\pruebatecnicasm\wp-blog-header.php(19): require_once('C:\\xampp\\htdocs...')
#6 C:\xampp\htdocs\pruebatecnicasm\index.php(17): require('C:\\xampp\\htdocs...')
#7 {main}
  thrown in C:\xampp\htdocs\pruebatecnicasm\wp-content\themes\pruebastecnicas\slider.php on line 164
[30-Sep-2023 21:30:25 UTC] PHP Deprecated:  El archivo Tema sin footer.php ha quedado <strong>obsoleto</strong> desde la versión 3.0.0 y no hay alternativas disponibles. Por favor, incluye una plantilla footer.php en tu tema. in C:\xampp\htdocs\pruebatecnicasm\wp-includes\functions.php on line 5653
[30-Sep-2023 21:33:09 UTC] PHP Deprecated:  El archivo Tema sin footer.php ha quedado <strong>obsoleto</strong> desde la versión 3.0.0 y no hay alternativas disponibles. Por favor, incluye una plantilla footer.php en tu tema. in C:\xampp\htdocs\pruebatecnicasm\wp-includes\functions.php on line 5653
[30-Sep-2023 21:37:29 UTC] PHP Deprecated:  El archivo Tema sin footer.php ha quedado <strong>obsoleto</strong> desde la versión 3.0.0 y no hay alternativas disponibles. Por favor, incluye una plantilla footer.php en tu tema. in C:\xampp\htdocs\pruebatecnicasm\wp-includes\functions.php on line 5653
[30-Sep-2023 21:39:18 UTC] PHP Deprecated:  El archivo Tema sin footer.php ha quedado <strong>obsoleto</strong> desde la versión 3.0.0 y no hay alternativas disponibles. Por favor, incluye una plantilla footer.php en tu tema. in C:\xampp\htdocs\pruebatecnicasm\wp-includes\functions.php on line 5653
[30-Sep-2023 21:39:53 UTC] PHP Deprecated:  El archivo Tema sin footer.php ha quedado <strong>obsoleto</strong> desde la versión 3.0.0 y no hay alternativas disponibles. Por favor, incluye una plantilla footer.php en tu tema. in C:\xampp\htdocs\pruebatecnicasm\wp-includes\functions.php on line 5653
[30-Sep-2023 21:41:19 UTC] PHP Deprecated:  El archivo Tema sin footer.php ha quedado <strong>obsoleto</strong> desde la versión 3.0.0 y no hay alternativas disponibles. Por favor, incluye una plantilla footer.php en tu tema. in C:\xampp\htdocs\pruebatecnicasm\wp-includes\functions.php on line 5653
[30-Sep-2023 21:41:20 UTC] PHP Deprecated:  El archivo Tema sin footer.php ha quedado <strong>obsoleto</strong> desde la versión 3.0.0 y no hay alternativas disponibles. Por favor, incluye una plantilla footer.php en tu tema. in C:\xampp\htdocs\pruebatecnicasm\wp-includes\functions.php on line 5653
[30-Sep-2023 21:41:27 UTC] PHP Deprecated:  El archivo Tema sin footer.php ha quedado <strong>obsoleto</strong> desde la versión 3.0.0 y no hay alternativas disponibles. Por favor, incluye una plantilla footer.php en tu tema. in C:\xampp\htdocs\pruebatecnicasm\wp-includes\functions.php on line 5653
[30-Sep-2023 21:44:36 UTC] PHP Deprecated:  El archivo Tema sin footer.php ha quedado <strong>obsoleto</strong> desde la versión 3.0.0 y no hay alternativas disponibles. Por favor, incluye una plantilla footer.php en tu tema. in C:\xampp\htdocs\pruebatecnicasm\wp-includes\functions.php on line 5653
[30-Sep-2023 21:45:56 UTC] PHP Deprecated:  El archivo Tema sin footer.php ha quedado <strong>obsoleto</strong> desde la versión 3.0.0 y no hay alternativas disponibles. Por favor, incluye una plantilla footer.php en tu tema. in C:\xampp\htdocs\pruebatecnicasm\wp-includes\functions.php on line 5653
[30-Sep-2023 21:45:57 UTC] PHP Deprecated:  El archivo Tema sin footer.php ha quedado <strong>obsoleto</strong> desde la versión 3.0.0 y no hay alternativas disponibles. Por favor, incluye una plantilla footer.php en tu tema. in C:\xampp\htdocs\pruebatecnicasm\wp-includes\functions.php on line 5653
[30-Sep-2023 21:46:01 UTC] PHP Deprecated:  El archivo Tema sin footer.php ha quedado <strong>obsoleto</strong> desde la versión 3.0.0 y no hay alternativas disponibles. Por favor, incluye una plantilla footer.php en tu tema. in C:\xampp\htdocs\pruebatecnicasm\wp-includes\functions.php on line 5653
[30-Sep-2023 21:47:01 UTC] PHP Deprecated:  El archivo Tema sin footer.php ha quedado <strong>obsoleto</strong> desde la versión 3.0.0 y no hay alternativas disponibles. Por favor, incluye una plantilla footer.php en tu tema. in C:\xampp\htdocs\pruebatecnicasm\wp-includes\functions.php on line 5653
[30-Sep-2023 21:47:16 UTC] PHP Deprecated:  El archivo Tema sin footer.php ha quedado <strong>obsoleto</strong> desde la versión 3.0.0 y no hay alternativas disponibles. Por favor, incluye una plantilla footer.php en tu tema. in C:\xampp\htdocs\pruebatecnicasm\wp-includes\functions.php on line 5653
[30-Sep-2023 21:51:28 UTC] PHP Warning:  Undefined variable $slideIndex in C:\xampp\htdocs\pruebatecnicasm\wp-content\themes\pruebastecnicas\slider.php on line 186
[30-Sep-2023 21:51:28 UTC] PHP Warning:  Undefined variable $calification in C:\xampp\htdocs\pruebatecnicasm\wp-content\themes\pruebastecnicas\slider.php on line 192
[30-Sep-2023 21:51:28 UTC] PHP Warning:  Undefined variable $director in C:\xampp\htdocs\pruebatecnicasm\wp-content\themes\pruebastecnicas\slider.php on line 194
[30-Sep-2023 21:51:28 UTC] PHP Warning:  Undefined variable $actors in C:\xampp\htdocs\pruebatecnicasm\wp-content\themes\pruebastecnicas\slider.php on line 196
[30-Sep-2023 21:51:28 UTC] PHP Warning:  Undefined variable $slideIndex in C:\xampp\htdocs\pruebatecnicasm\wp-content\themes\pruebastecnicas\slider.php on line 202
[30-Sep-2023 21:51:28 UTC] PHP Warning:  Undefined variable $calification in C:\xampp\htdocs\pruebatecnicasm\wp-content\themes\pruebastecnicas\slider.php on line 192
[30-Sep-2023 21:51:28 UTC] PHP Warning:  Undefined variable $director in C:\xampp\htdocs\pruebatecnicasm\wp-content\themes\pruebastecnicas\slider.php on line 194
[30-Sep-2023 21:51:28 UTC] PHP Warning:  Undefined variable $actors in C:\xampp\htdocs\pruebatecnicasm\wp-content\themes\pruebastecnicas\slider.php on line 196
[30-Sep-2023 21:51:28 UTC] PHP Warning:  Undefined variable $calification in C:\xampp\htdocs\pruebatecnicasm\wp-content\themes\pruebastecnicas\slider.php on line 192
[30-Sep-2023 21:51:28 UTC] PHP Warning:  Undefined variable $director in C:\xampp\htdocs\pruebatecnicasm\wp-content\themes\pruebastecnicas\slider.php on line 194
[30-Sep-2023 21:51:28 UTC] PHP Warning:  Undefined variable $actors in C:\xampp\htdocs\pruebatecnicasm\wp-content\themes\pruebastecnicas\slider.php on line 196
[30-Sep-2023 21:51:28 UTC] PHP Warning:  Undefined variable $calification in C:\xampp\htdocs\pruebatecnicasm\wp-content\themes\pruebastecnicas\slider.php on line 192
[30-Sep-2023 21:51:28 UTC] PHP Warning:  Undefined variable $director in C:\xampp\htdocs\pruebatecnicasm\wp-content\themes\pruebastecnicas\slider.php on line 194
[30-Sep-2023 21:51:28 UTC] PHP Warning:  Undefined variable $actors in C:\xampp\htdocs\pruebatecnicasm\wp-content\themes\pruebastecnicas\slider.php on line 196
[30-Sep-2023 21:51:28 UTC] PHP Deprecated:  El archivo Tema sin footer.php ha quedado <strong>obsoleto</strong> desde la versión 3.0.0 y no hay alternativas disponibles. Por favor, incluye una plantilla footer.php en tu tema. in C:\xampp\htdocs\pruebatecnicasm\wp-includes\functions.php on line 5653
[30-Sep-2023 21:51:31 UTC] PHP Deprecated:  El archivo Tema sin footer.php ha quedado <strong>obsoleto</strong> desde la versión 3.0.0 y no hay alternativas disponibles. Por favor, incluye una plantilla footer.php en tu tema. in C:\xampp\htdocs\pruebatecnicasm\wp-includes\functions.php on line 5653
[30-Sep-2023 21:51:33 UTC] PHP Warning:  Undefined variable $slideIndex in C:\xampp\htdocs\pruebatecnicasm\wp-content\themes\pruebastecnicas\slider.php on line 186
[30-Sep-2023 21:51:33 UTC] PHP Warning:  Undefined variable $calification in C:\xampp\htdocs\pruebatecnicasm\wp-content\themes\pruebastecnicas\slider.php on line 192
[30-Sep-2023 21:51:33 UTC] PHP Warning:  Undefined variable $director in C:\xampp\htdocs\pruebatecnicasm\wp-content\themes\pruebastecnicas\slider.php on line 194
[30-Sep-2023 21:51:33 UTC] PHP Warning:  Undefined variable $actors in C:\xampp\htdocs\pruebatecnicasm\wp-content\themes\pruebastecnicas\slider.php on line 196
[30-Sep-2023 21:51:33 UTC] PHP Warning:  Undefined variable $slideIndex in C:\xampp\htdocs\pruebatecnicasm\wp-content\themes\pruebastecnicas\slider.php on line 202
[30-Sep-2023 21:51:33 UTC] PHP Warning:  Undefined variable $calification in C:\xampp\htdocs\pruebatecnicasm\wp-content\themes\pruebastecnicas\slider.php on line 192
[30-Sep-2023 21:51:33 UTC] PHP Warning:  Undefined variable $director in C:\xampp\htdocs\pruebatecnicasm\wp-content\themes\pruebastecnicas\slider.php on line 194
[30-Sep-2023 21:51:33 UTC] PHP Warning:  Undefined variable $actors in C:\xampp\htdocs\pruebatecnicasm\wp-content\themes\pruebastecnicas\slider.php on line 196
[30-Sep-2023 21:51:33 UTC] PHP Warning:  Undefined variable $calification in C:\xampp\htdocs\pruebatecnicasm\wp-content\themes\pruebastecnicas\slider.php on line 192
[30-Sep-2023 21:51:33 UTC] PHP Warning:  Undefined variable $director in C:\xampp\htdocs\pruebatecnicasm\wp-content\themes\pruebastecnicas\slider.php on line 194
[30-Sep-2023 21:51:33 UTC] PHP Warning:  Undefined variable $actors in C:\xampp\htdocs\pruebatecnicasm\wp-content\themes\pruebastecnicas\slider.php on line 196
[30-Sep-2023 21:51:33 UTC] PHP Warning:  Undefined variable $calification in C:\xampp\htdocs\pruebatecnicasm\wp-content\themes\pruebastecnicas\slider.php on line 192
[30-Sep-2023 21:51:33 UTC] PHP Warning:  Undefined variable $director in C:\xampp\htdocs\pruebatecnicasm\wp-content\themes\pruebastecnicas\slider.php on line 194
[30-Sep-2023 21:51:33 UTC] PHP Warning:  Undefined variable $actors in C:\xampp\htdocs\pruebatecnicasm\wp-content\themes\pruebastecnicas\slider.php on line 196
[30-Sep-2023 21:51:33 UTC] PHP Deprecated:  El archivo Tema sin footer.php ha quedado <strong>obsoleto</strong> desde la versión 3.0.0 y no hay alternativas disponibles. Por favor, incluye una plantilla footer.php en tu tema. in C:\xampp\htdocs\pruebatecnicasm\wp-includes\functions.php on line 5653
[30-Sep-2023 21:53:58 UTC] PHP Deprecated:  El archivo Tema sin footer.php ha quedado <strong>obsoleto</strong> desde la versión 3.0.0 y no hay alternativas disponibles. Por favor, incluye una plantilla footer.php en tu tema. in C:\xampp\htdocs\pruebatecnicasm\wp-includes\functions.php on line 5653
[30-Sep-2023 21:56:22 UTC] PHP Deprecated:  El archivo Tema sin footer.php ha quedado <strong>obsoleto</strong> desde la versión 3.0.0 y no hay alternativas disponibles. Por favor, incluye una plantilla footer.php en tu tema. in C:\xampp\htdocs\pruebatecnicasm\wp-includes\functions.php on line 5653
[30-Sep-2023 21:58:24 UTC] PHP Deprecated:  El archivo Tema sin footer.php ha quedado <strong>obsoleto</strong> desde la versión 3.0.0 y no hay alternativas disponibles. Por favor, incluye una plantilla footer.php en tu tema. in C:\xampp\htdocs\pruebatecnicasm\wp-includes\functions.php on line 5653
[30-Sep-2023 21:58:54 UTC] PHP Deprecated:  El archivo Tema sin footer.php ha quedado <strong>obsoleto</strong> desde la versión 3.0.0 y no hay alternativas disponibles. Por favor, incluye una plantilla footer.php en tu tema. in C:\xampp\htdocs\pruebatecnicasm\wp-includes\functions.php on line 5653
[30-Sep-2023 21:59:55 UTC] PHP Deprecated:  El archivo Tema sin footer.php ha quedado <strong>obsoleto</strong> desde la versión 3.0.0 y no hay alternativas disponibles. Por favor, incluye una plantilla footer.php en tu tema. in C:\xampp\htdocs\pruebatecnicasm\wp-includes\functions.php on line 5653
[30-Sep-2023 22:07:47 UTC] PHP Deprecated:  El archivo Tema sin footer.php ha quedado <strong>obsoleto</strong> desde la versión 3.0.0 y no hay alternativas disponibles. Por favor, incluye una plantilla footer.php en tu tema. in C:\xampp\htdocs\pruebatecnicasm\wp-includes\functions.php on line 5653
[30-Sep-2023 22:08:50 UTC] PHP Deprecated:  El archivo Tema sin footer.php ha quedado <strong>obsoleto</strong> desde la versión 3.0.0 y no hay alternativas disponibles. Por favor, incluye una plantilla footer.php en tu tema. in C:\xampp\htdocs\pruebatecnicasm\wp-includes\functions.php on line 5653
[30-Sep-2023 22:09:07 UTC] PHP Deprecated:  El archivo Tema sin footer.php ha quedado <strong>obsoleto</strong> desde la versión 3.0.0 y no hay alternativas disponibles. Por favor, incluye una plantilla footer.php en tu tema. in C:\xampp\htdocs\pruebatecnicasm\wp-includes\functions.php on line 5653
[30-Sep-2023 22:12:09 UTC] PHP Warning:  Undefined variable $slideIndex in C:\xampp\htdocs\pruebatecnicasm\wp-content\themes\pruebastecnicas\slider.php on line 162
[30-Sep-2023 22:12:09 UTC] PHP Deprecated:  El archivo Tema sin footer.php ha quedado <strong>obsoleto</strong> desde la versión 3.0.0 y no hay alternativas disponibles. Por favor, incluye una plantilla footer.php en tu tema. in C:\xampp\htdocs\pruebatecnicasm\wp-includes\functions.php on line 5653
[30-Sep-2023 22:17:41 UTC] PHP Warning:  Undefined variable $slideIndex in C:\xampp\htdocs\pruebatecnicasm\wp-content\themes\pruebastecnicas\slider.php on line 161
[30-Sep-2023 22:17:41 UTC] PHP Deprecated:  El archivo Tema sin footer.php ha quedado <strong>obsoleto</strong> desde la versión 3.0.0 y no hay alternativas disponibles. Por favor, incluye una plantilla footer.php en tu tema. in C:\xampp\htdocs\pruebatecnicasm\wp-includes\functions.php on line 5653
[30-Sep-2023 22:19:24 UTC] PHP Deprecated:  El archivo Tema sin footer.php ha quedado <strong>obsoleto</strong> desde la versión 3.0.0 y no hay alternativas disponibles. Por favor, incluye una plantilla footer.php en tu tema. in C:\xampp\htdocs\pruebatecnicasm\wp-includes\functions.php on line 5653
[30-Sep-2023 22:20:33 UTC] PHP Deprecated:  El archivo Tema sin footer.php ha quedado <strong>obsoleto</strong> desde la versión 3.0.0 y no hay alternativas disponibles. Por favor, incluye una plantilla footer.php en tu tema. in C:\xampp\htdocs\pruebatecnicasm\wp-includes\functions.php on line 5653
[30-Sep-2023 22:21:02 UTC] PHP Deprecated:  El archivo Tema sin footer.php ha quedado <strong>obsoleto</strong> desde la versión 3.0.0 y no hay alternativas disponibles. Por favor, incluye una plantilla footer.php en tu tema. in C:\xampp\htdocs\pruebatecnicasm\wp-includes\functions.php on line 5653
[30-Sep-2023 22:23:25 UTC] PHP Deprecated:  El archivo Tema sin footer.php ha quedado <strong>obsoleto</strong> desde la versión 3.0.0 y no hay alternativas disponibles. Por favor, incluye una plantilla footer.php en tu tema. in C:\xampp\htdocs\pruebatecnicasm\wp-includes\functions.php on line 5653
[30-Sep-2023 22:23:32 UTC] PHP Deprecated:  El archivo Tema sin footer.php ha quedado <strong>obsoleto</strong> desde la versión 3.0.0 y no hay alternativas disponibles. Por favor, incluye una plantilla footer.php en tu tema. in C:\xampp\htdocs\pruebatecnicasm\wp-includes\functions.php on line 5653
[30-Sep-2023 22:24:07 UTC] PHP Deprecated:  El archivo Tema sin footer.php ha quedado <strong>obsoleto</strong> desde la versión 3.0.0 y no hay alternativas disponibles. Por favor, incluye una plantilla footer.php en tu tema. in C:\xampp\htdocs\pruebatecnicasm\wp-includes\functions.php on line 5653
[30-Sep-2023 22:24:09 UTC] PHP Deprecated:  El archivo Tema sin footer.php ha quedado <strong>obsoleto</strong> desde la versión 3.0.0 y no hay alternativas disponibles. Por favor, incluye una plantilla footer.php en tu tema. in C:\xampp\htdocs\pruebatecnicasm\wp-includes\functions.php on line 5653
[30-Sep-2023 22:25:34 UTC] PHP Deprecated:  El archivo Tema sin footer.php ha quedado <strong>obsoleto</strong> desde la versión 3.0.0 y no hay alternativas disponibles. Por favor, incluye una plantilla footer.php en tu tema. in C:\xampp\htdocs\pruebatecnicasm\wp-includes\functions.php on line 5653
[30-Sep-2023 22:25:35 UTC] PHP Deprecated:  El archivo Tema sin footer.php ha quedado <strong>obsoleto</strong> desde la versión 3.0.0 y no hay alternativas disponibles. Por favor, incluye una plantilla footer.php en tu tema. in C:\xampp\htdocs\pruebatecnicasm\wp-includes\functions.php on line 5653
[30-Sep-2023 22:26:42 UTC] PHP Deprecated:  El archivo Tema sin footer.php ha quedado <strong>obsoleto</strong> desde la versión 3.0.0 y no hay alternativas disponibles. Por favor, incluye una plantilla footer.php en tu tema. in C:\xampp\htdocs\pruebatecnicasm\wp-includes\functions.php on line 5653
[30-Sep-2023 22:27:19 UTC] PHP Deprecated:  El archivo Tema sin footer.php ha quedado <strong>obsoleto</strong> desde la versión 3.0.0 y no hay alternativas disponibles. Por favor, incluye una plantilla footer.php en tu tema. in C:\xampp\htdocs\pruebatecnicasm\wp-includes\functions.php on line 5653
[30-Sep-2023 22:28:30 UTC] PHP Deprecated:  El archivo Tema sin footer.php ha quedado <strong>obsoleto</strong> desde la versión 3.0.0 y no hay alternativas disponibles. Por favor, incluye una plantilla footer.php en tu tema. in C:\xampp\htdocs\pruebatecnicasm\wp-includes\functions.php on line 5653
[30-Sep-2023 22:28:33 UTC] PHP Deprecated:  El archivo Tema sin footer.php ha quedado <strong>obsoleto</strong> desde la versión 3.0.0 y no hay alternativas disponibles. Por favor, incluye una plantilla footer.php en tu tema. in C:\xampp\htdocs\pruebatecnicasm\wp-includes\functions.php on line 5653
[30-Sep-2023 22:29:38 UTC] PHP Deprecated:  El archivo Tema sin footer.php ha quedado <strong>obsoleto</strong> desde la versión 3.0.0 y no hay alternativas disponibles. Por favor, incluye una plantilla footer.php en tu tema. in C:\xampp\htdocs\pruebatecnicasm\wp-includes\functions.php on line 5653
[30-Sep-2023 22:29:51 UTC] PHP Deprecated:  El archivo Tema sin footer.php ha quedado <strong>obsoleto</strong> desde la versión 3.0.0 y no hay alternativas disponibles. Por favor, incluye una plantilla footer.php en tu tema. in C:\xampp\htdocs\pruebatecnicasm\wp-includes\functions.php on line 5653
[30-Sep-2023 22:32:18 UTC] PHP Deprecated:  El archivo Tema sin footer.php ha quedado <strong>obsoleto</strong> desde la versión 3.0.0 y no hay alternativas disponibles. Por favor, incluye una plantilla footer.php en tu tema. in C:\xampp\htdocs\pruebatecnicasm\wp-includes\functions.php on line 5653
[30-Sep-2023 22:42:27 UTC] PHP Deprecated:  El archivo Tema sin footer.php ha quedado <strong>obsoleto</strong> desde la versión 3.0.0 y no hay alternativas disponibles. Por favor, incluye una plantilla footer.php en tu tema. in C:\xampp\htdocs\pruebatecnicasm\wp-includes\functions.php on line 5653
[30-Sep-2023 22:42:28 UTC] PHP Deprecated:  El archivo Tema sin footer.php ha quedado <strong>obsoleto</strong> desde la versión 3.0.0 y no hay alternativas disponibles. Por favor, incluye una plantilla footer.php en tu tema. in C:\xampp\htdocs\pruebatecnicasm\wp-includes\functions.php on line 5653
[30-Sep-2023 22:42:28 UTC] PHP Deprecated:  El archivo Tema sin footer.php ha quedado <strong>obsoleto</strong> desde la versión 3.0.0 y no hay alternativas disponibles. Por favor, incluye una plantilla footer.php en tu tema. in C:\xampp\htdocs\pruebatecnicasm\wp-includes\functions.php on line 5653
[30-Sep-2023 22:42:43 UTC] PHP Deprecated:  El archivo Tema sin footer.php ha quedado <strong>obsoleto</strong> desde la versión 3.0.0 y no hay alternativas disponibles. Por favor, incluye una plantilla footer.php en tu tema. in C:\xampp\htdocs\pruebatecnicasm\wp-includes\functions.php on line 5653
[30-Sep-2023 22:42:43 UTC] PHP Deprecated:  El archivo Tema sin footer.php ha quedado <strong>obsoleto</strong> desde la versión 3.0.0 y no hay alternativas disponibles. Por favor, incluye una plantilla footer.php en tu tema. in C:\xampp\htdocs\pruebatecnicasm\wp-includes\functions.php on line 5653
[30-Sep-2023 22:42:43 UTC] PHP Deprecated:  El archivo Tema sin footer.php ha quedado <strong>obsoleto</strong> desde la versión 3.0.0 y no hay alternativas disponibles. Por favor, incluye una plantilla footer.php en tu tema. in C:\xampp\htdocs\pruebatecnicasm\wp-includes\functions.php on line 5653
[30-Sep-2023 22:44:28 UTC] PHP Deprecated:  El archivo Tema sin footer.php ha quedado <strong>obsoleto</strong> desde la versión 3.0.0 y no hay alternativas disponibles. Por favor, incluye una plantilla footer.php en tu tema. in C:\xampp\htdocs\pruebatecnicasm\wp-includes\functions.php on line 5653
[30-Sep-2023 22:47:18 UTC] PHP Deprecated:  El archivo Tema sin footer.php ha quedado <strong>obsoleto</strong> desde la versión 3.0.0 y no hay alternativas disponibles. Por favor, incluye una plantilla footer.php en tu tema. in C:\xampp\htdocs\pruebatecnicasm\wp-includes\functions.php on line 5653
[30-Sep-2023 22:47:19 UTC] PHP Deprecated:  El archivo Tema sin footer.php ha quedado <strong>obsoleto</strong> desde la versión 3.0.0 y no hay alternativas disponibles. Por favor, incluye una plantilla footer.php en tu tema. in C:\xampp\htdocs\pruebatecnicasm\wp-includes\functions.php on line 5653
[30-Sep-2023 22:47:19 UTC] PHP Deprecated:  El archivo Tema sin footer.php ha quedado <strong>obsoleto</strong> desde la versión 3.0.0 y no hay alternativas disponibles. Por favor, incluye una plantilla footer.php en tu tema. in C:\xampp\htdocs\pruebatecnicasm\wp-includes\functions.php on line 5653
[30-Sep-2023 22:48:09 UTC] PHP Deprecated:  El archivo Tema sin footer.php ha quedado <strong>obsoleto</strong> desde la versión 3.0.0 y no hay alternativas disponibles. Por favor, incluye una plantilla footer.php en tu tema. in C:\xampp\htdocs\pruebatecnicasm\wp-includes\functions.php on line 5653
[30-Sep-2023 22:51:19 UTC] PHP Deprecated:  El archivo Tema sin footer.php ha quedado <strong>obsoleto</strong> desde la versión 3.0.0 y no hay alternativas disponibles. Por favor, incluye una plantilla footer.php en tu tema. in C:\xampp\htdocs\pruebatecnicasm\wp-includes\functions.php on line 5653
[30-Sep-2023 22:51:20 UTC] PHP Deprecated:  El archivo Tema sin footer.php ha quedado <strong>obsoleto</strong> desde la versión 3.0.0 y no hay alternativas disponibles. Por favor, incluye una plantilla footer.php en tu tema. in C:\xampp\htdocs\pruebatecnicasm\wp-includes\functions.php on line 5653
[30-Sep-2023 22:51:35 UTC] PHP Deprecated:  El archivo Tema sin footer.php ha quedado <strong>obsoleto</strong> desde la versión 3.0.0 y no hay alternativas disponibles. Por favor, incluye una plantilla footer.php en tu tema. in C:\xampp\htdocs\pruebatecnicasm\wp-includes\functions.php on line 5653
[30-Sep-2023 22:51:59 UTC] PHP Deprecated:  El archivo Tema sin footer.php ha quedado <strong>obsoleto</strong> desde la versión 3.0.0 y no hay alternativas disponibles. Por favor, incluye una plantilla footer.php en tu tema. in C:\xampp\htdocs\pruebatecnicasm\wp-includes\functions.php on line 5653
[30-Sep-2023 22:52:49 UTC] PHP Deprecated:  El archivo Tema sin footer.php ha quedado <strong>obsoleto</strong> desde la versión 3.0.0 y no hay alternativas disponibles. Por favor, incluye una plantilla footer.php en tu tema. in C:\xampp\htdocs\pruebatecnicasm\wp-includes\functions.php on line 5653
[30-Sep-2023 22:54:43 UTC] PHP Deprecated:  El archivo Tema sin footer.php ha quedado <strong>obsoleto</strong> desde la versión 3.0.0 y no hay alternativas disponibles. Por favor, incluye una plantilla footer.php en tu tema. in C:\xampp\htdocs\pruebatecnicasm\wp-includes\functions.php on line 5653
[30-Sep-2023 22:54:57 UTC] PHP Deprecated:  El archivo Tema sin footer.php ha quedado <strong>obsoleto</strong> desde la versión 3.0.0 y no hay alternativas disponibles. Por favor, incluye una plantilla footer.php en tu tema. in C:\xampp\htdocs\pruebatecnicasm\wp-includes\functions.php on line 5653
[01-Oct-2023 00:01:41 UTC] PHP Deprecated:  El archivo Tema sin footer.php ha quedado <strong>obsoleto</strong> desde la versión 3.0.0 y no hay alternativas disponibles. Por favor, incluye una plantilla footer.php en tu tema. in C:\xampp\htdocs\pruebatecnicasm\wp-includes\functions.php on line 5653
[01-Oct-2023 00:05:49 UTC] PHP Deprecated:  El archivo Tema sin footer.php ha quedado <strong>obsoleto</strong> desde la versión 3.0.0 y no hay alternativas disponibles. Por favor, incluye una plantilla footer.php en tu tema. in C:\xampp\htdocs\pruebatecnicasm\wp-includes\functions.php on line 5653
[01-Oct-2023 00:07:25 UTC] PHP Deprecated:  El archivo Tema sin footer.php ha quedado <strong>obsoleto</strong> desde la versión 3.0.0 y no hay alternativas disponibles. Por favor, incluye una plantilla footer.php en tu tema. in C:\xampp\htdocs\pruebatecnicasm\wp-includes\functions.php on line 5653
[01-Oct-2023 00:07:30 UTC] PHP Deprecated:  El archivo Tema sin footer.php ha quedado <strong>obsoleto</strong> desde la versión 3.0.0 y no hay alternativas disponibles. Por favor, incluye una plantilla footer.php en tu tema. in C:\xampp\htdocs\pruebatecnicasm\wp-includes\functions.php on line 5653
[01-Oct-2023 00:07:32 UTC] PHP Deprecated:  El archivo Tema sin footer.php ha quedado <strong>obsoleto</strong> desde la versión 3.0.0 y no hay alternativas disponibles. Por favor, incluye una plantilla footer.php en tu tema. in C:\xampp\htdocs\pruebatecnicasm\wp-includes\functions.php on line 5653
[01-Oct-2023 00:11:11 UTC] PHP Deprecated:  El archivo Tema sin footer.php ha quedado <strong>obsoleto</strong> desde la versión 3.0.0 y no hay alternativas disponibles. Por favor, incluye una plantilla footer.php en tu tema. in C:\xampp\htdocs\pruebatecnicasm\wp-includes\functions.php on line 5653
[01-Oct-2023 00:12:33 UTC] PHP Deprecated:  El archivo Tema sin footer.php ha quedado <strong>obsoleto</strong> desde la versión 3.0.0 y no hay alternativas disponibles. Por favor, incluye una plantilla footer.php en tu tema. in C:\xampp\htdocs\pruebatecnicasm\wp-includes\functions.php on line 5653
[01-Oct-2023 00:14:34 UTC] PHP Deprecated:  El archivo Tema sin footer.php ha quedado <strong>obsoleto</strong> desde la versión 3.0.0 y no hay alternativas disponibles. Por favor, incluye una plantilla footer.php en tu tema. in C:\xampp\htdocs\pruebatecnicasm\wp-includes\functions.php on line 5653
[01-Oct-2023 00:15:34 UTC] PHP Deprecated:  El archivo Tema sin footer.php ha quedado <strong>obsoleto</strong> desde la versión 3.0.0 y no hay alternativas disponibles. Por favor, incluye una plantilla footer.php en tu tema. in C:\xampp\htdocs\pruebatecnicasm\wp-includes\functions.php on line 5653
[01-Oct-2023 00:19:05 UTC] PHP Deprecated:  El archivo Tema sin footer.php ha quedado <strong>obsoleto</strong> desde la versión 3.0.0 y no hay alternativas disponibles. Por favor, incluye una plantilla footer.php en tu tema. in C:\xampp\htdocs\pruebatecnicasm\wp-includes\functions.php on line 5653
[01-Oct-2023 00:19:53 UTC] PHP Deprecated:  El archivo Tema sin footer.php ha quedado <strong>obsoleto</strong> desde la versión 3.0.0 y no hay alternativas disponibles. Por favor, incluye una plantilla footer.php en tu tema. in C:\xampp\htdocs\pruebatecnicasm\wp-includes\functions.php on line 5653
[01-Oct-2023 00:23:50 UTC] PHP Deprecated:  El archivo Tema sin footer.php ha quedado <strong>obsoleto</strong> desde la versión 3.0.0 y no hay alternativas disponibles. Por favor, incluye una plantilla footer.php en tu tema. in C:\xampp\htdocs\pruebatecnicasm\wp-includes\functions.php on line 5653
[01-Oct-2023 00:26:20 UTC] PHP Deprecated:  El archivo Tema sin footer.php ha quedado <strong>obsoleto</strong> desde la versión 3.0.0 y no hay alternativas disponibles. Por favor, incluye una plantilla footer.php en tu tema. in C:\xampp\htdocs\pruebatecnicasm\wp-includes\functions.php on line 5653
[01-Oct-2023 00:26:51 UTC] PHP Deprecated:  El archivo Tema sin footer.php ha quedado <strong>obsoleto</strong> desde la versión 3.0.0 y no hay alternativas disponibles. Por favor, incluye una plantilla footer.php en tu tema. in C:\xampp\htdocs\pruebatecnicasm\wp-includes\functions.php on line 5653
[01-Oct-2023 00:27:24 UTC] PHP Deprecated:  El archivo Tema sin footer.php ha quedado <strong>obsoleto</strong> desde la versión 3.0.0 y no hay alternativas disponibles. Por favor, incluye una plantilla footer.php en tu tema. in C:\xampp\htdocs\pruebatecnicasm\wp-includes\functions.php on line 5653
[01-Oct-2023 00:27:52 UTC] PHP Deprecated:  El archivo Tema sin footer.php ha quedado <strong>obsoleto</strong> desde la versión 3.0.0 y no hay alternativas disponibles. Por favor, incluye una plantilla footer.php en tu tema. in C:\xampp\htdocs\pruebatecnicasm\wp-includes\functions.php on line 5653
[01-Oct-2023 00:58:48 UTC] PHP Deprecated:  El archivo Tema sin footer.php ha quedado <strong>obsoleto</strong> desde la versión 3.0.0 y no hay alternativas disponibles. Por favor, incluye una plantilla footer.php en tu tema. in C:\xampp\htdocs\pruebatecnicasm\wp-includes\functions.php on line 5653
[01-Oct-2023 00:58:51 UTC] PHP Deprecated:  El archivo Tema sin footer.php ha quedado <strong>obsoleto</strong> desde la versión 3.0.0 y no hay alternativas disponibles. Por favor, incluye una plantilla footer.php en tu tema. in C:\xampp\htdocs\pruebatecnicasm\wp-includes\functions.php on line 5653
